SF:/Users/issahamadoudicko/IdeaProjects/labo/kodi-script/kodi-dart/lib/kodi_script.dart
DA:34,1
DA:40,3
DA:49,1
DA:54,0
DA:55,0
DA:58,2
DA:61,1
DA:62,1
DA:63,2
DA:64,1
DA:68,1
DA:69,1
DA:70,1
DA:71,0
DA:73,1
DA:76,1
DA:78,2
DA:81,1
DA:82,1
DA:84,2
DA:85,0
DA:90,2
DA:91,1
DA:93,1
DA:94,4
DA:98,1
DA:99,4
DA:100,1
DA:103,1
DA:104,2
DA:106,0
DA:117,1
DA:120,1
DA:121,2
DA:126,0
DA:127,0
DA:132,1
DA:133,2
DA:138,1
DA:139,1
DA:140,1
DA:141,1
DA:142,1
DA:143,1
DA:151,0
DA:153,0
DA:154,0
LF:47
LH:37
end_of_record
SF:/Users/issahamadoudicko/IdeaProjects/labo/kodi-script/kodi-dart/lib/src/lexer/lexer.dart
DA:17,1
DA:18,1
DA:21,1
DA:22,4
DA:23,1
DA:25,4
DA:27,2
DA:28,2
DA:29,2
DA:32,1
DA:33,4
DA:36,3
DA:39,1
DA:40,1
DA:43,1
DA:45,1
DA:46,1
DA:47,2
DA:48,1
DA:49,1
DA:50,2
DA:52,2
DA:53,1
DA:54,1
DA:55,1
DA:57,2
DA:58,1
DA:59,1
DA:60,2
DA:61,1
DA:62,2
DA:64,2
DA:66,1
DA:67,2
DA:68,1
DA:69,2
DA:70,1
DA:71,2
DA:72,1
DA:73,2
DA:74,0
DA:75,0
DA:77,2
DA:78,1
DA:79,2
DA:80,1
DA:81,2
DA:83,2
DA:85,1
DA:86,2
DA:87,0
DA:88,0
DA:90,2
DA:92,1
DA:93,2
DA:94,0
DA:95,0
DA:97,2
DA:99,1
DA:100,2
DA:101,1
DA:102,2
DA:104,0
DA:106,1
DA:107,2
DA:108,1
DA:109,2
DA:111,0
DA:113,1
DA:114,2
DA:115,1
DA:116,2
DA:117,2
DA:118,1
DA:119,2
DA:121,0
DA:123,1
DA:124,2
DA:125,1
DA:126,0
DA:127,1
DA:128,2
DA:129,1
DA:130,2
DA:131,1
DA:132,2
DA:133,1
DA:134,2
DA:135,1
DA:136,2
DA:137,1
DA:138,2
DA:139,1
DA:140,2
DA:141,1
DA:142,2
DA:143,1
DA:144,1
DA:145,2
DA:147,2
DA:148,1
DA:149,1
DA:150,2
DA:151,1
DA:153,2
DA:154,1
DA:155,2
DA:156,1
DA:159,0
DA:163,1
DA:164,1
DA:168,1
DA:169,1
DA:170,3
DA:173,1
DA:174,6
DA:175,1
DA:179,0
DA:180,0
DA:181,0
DA:185,1
DA:186,1
DA:187,4
DA:188,1
DA:190,3
DA:193,1
DA:194,1
DA:195,2
DA:196,1
DA:198,4
DA:199,1
DA:200,2
DA:201,1
DA:204,3
DA:207,1
DA:208,1
DA:209,1
DA:210,4
DA:211,2
DA:212,0
DA:213,0
DA:214,0
DA:215,0
DA:216,0
DA:217,0
DA:218,0
DA:219,0
DA:220,0
DA:221,0
DA:222,0
DA:223,0
DA:225,0
DA:226,0
DA:229,2
DA:231,1
DA:233,1
DA:236,1
DA:237,1
DA:238,1
DA:239,2
DA:240,2
DA:241,1
DA:244,1
DA:245,1
DA:246,1
DA:247,2
LF:166
LH:138
end_of_record
SF:/Users/issahamadoudicko/IdeaProjects/labo/kodi-script/kodi-dart/lib/src/parser/parser.dart
DA:21,3
DA:51,1
DA:53,3
DA:54,3
DA:55,3
DA:56,3
DA:57,3
DA:58,3
DA:59,3
DA:60,3
DA:61,3
DA:62,3
DA:63,3
DA:64,3
DA:67,3
DA:68,3
DA:69,3
DA:70,3
DA:71,3
DA:72,3
DA:73,3
DA:74,3
DA:75,3
DA:76,3
DA:77,3
DA:78,3
DA:79,3
DA:80,3
DA:81,3
DA:82,3
DA:83,3
DA:86,1
DA:87,1
DA:90,3
DA:92,0
DA:93,0
DA:96,1
DA:97,2
DA:98,3
DA:101,4
DA:102,4
DA:104,1
DA:105,1
DA:106,1
DA:109,0
DA:113,5
DA:114,5
DA:116,1
DA:117,2
DA:118,1
DA:122,1
DA:123,1
DA:125,1
DA:126,1
DA:127,1
DA:129,1
DA:131,2
DA:134,1
DA:135,1
DA:136,1
DA:137,1
DA:139,1
DA:145,1
DA:146,2
DA:147,1
DA:148,1
DA:149,1
DA:150,1
DA:151,1
DA:152,1
DA:153,1
DA:154,1
DA:155,1
DA:156,1
DA:157,1
DA:159,1
DA:161,1
DA:165,1
DA:166,1
DA:168,1
DA:169,4
DA:171,1
DA:172,1
DA:174,1
DA:177,1
DA:180,1
DA:181,1
DA:182,4
DA:184,1
DA:185,1
DA:187,1
DA:190,1
DA:193,1
DA:194,1
DA:196,1
DA:197,1
DA:199,1
DA:202,1
DA:203,1
DA:205,1
DA:208,1
DA:209,1
DA:210,1
DA:211,1
DA:214,1
DA:217,1
DA:218,2
DA:219,1
DA:221,2
DA:222,1
DA:223,1
DA:225,1
DA:227,2
DA:229,1
DA:230,1
DA:236,1
DA:237,1
DA:239,1
DA:240,1
DA:241,1
DA:242,1
DA:243,0
DA:246,1
DA:247,1
DA:248,1
DA:251,1
DA:252,1
DA:254,1
DA:255,1
DA:256,4
DA:258,1
DA:260,1
DA:261,1
DA:264,1
DA:265,1
DA:267,1
DA:269,1
DA:272,1
DA:273,1
DA:274,1
DA:276,1
DA:279,1
DA:280,4
DA:282,0
DA:286,1
DA:289,1
DA:290,1
DA:291,1
DA:292,2
DA:293,4
DA:296,1
DA:297,1
DA:304,5
DA:306,1
DA:307,3
DA:309,0
DA:312,2
DA:315,5
DA:317,1
DA:318,3
DA:320,3
DA:322,1
DA:323,1
DA:324,2
DA:325,1
DA:326,1
DA:328,1
DA:331,0
DA:332,0
DA:333,0
DA:334,0
DA:338,1
DA:339,1
DA:340,1
DA:341,1
DA:344,1
DA:345,1
DA:347,1
DA:348,0
DA:352,1
DA:353,1
DA:354,1
DA:356,1
DA:357,1
DA:358,1
DA:359,1
DA:360,1
DA:363,1
DA:364,0
DA:370,1
DA:371,1
DA:372,1
DA:374,1
DA:375,0
DA:376,0
DA:379,1
DA:380,1
DA:382,2
DA:383,2
DA:385,0
DA:389,1
DA:391,1
DA:392,1
DA:394,1
DA:396,2
DA:401,1
DA:403,1
DA:406,1
DA:407,1
DA:408,1
DA:409,1
DA:411,1
DA:412,1
DA:413,1
DA:416,1
DA:417,1
DA:419,1
DA:420,0
DA:424,1
DA:425,5
DA:427,1
DA:428,1
DA:429,1
DA:430,5
DA:433,1
DA:438,1
DA:439,1
DA:440,2
DA:441,1
DA:442,1
DA:443,1
DA:445,1
DA:448,1
DA:449,1
DA:450,1
DA:451,1
DA:453,1
DA:456,1
DA:457,1
DA:458,1
DA:459,4
DA:460,1
DA:463,1
DA:464,1
DA:465,1
DA:466,4
DA:467,1
DA:470,1
DA:471,1
DA:472,1
DA:474,1
DA:477,1
DA:478,1
DA:480,1
DA:481,0
DA:485,1
DA:486,1
DA:488,1
DA:490,1
DA:491,1
DA:492,1
DA:493,1
DA:495,1
DA:498,1
DA:503,1
DA:504,1
DA:505,1
DA:506,1
DA:509,1
DA:511,1
LF:270
LH:253
end_of_record
SF:/Users/issahamadoudicko/IdeaProjects/labo/kodi-script/kodi-dart/lib/src/interpreter/interpreter.dart
DA:13,1
DA:15,1
DA:16,2
DA:17,2
DA:19,2
DA:22,1
DA:23,2
DA:26,1
DA:27,2
DA:30,3
DA:36,1
DA:45,1
DA:51,1
DA:59,1
DA:60,0
DA:61,0
DA:63,0
DA:64,0
DA:65,0
DA:66,0
DA:69,1
DA:71,2
DA:72,1
DA:73,1
DA:74,0
DA:80,3
DA:82,1
DA:84,1
DA:85,2
DA:86,4
DA:88,1
DA:89,2
DA:90,4
DA:92,1
DA:93,2
DA:94,1
DA:95,1
DA:96,1
DA:97,0
DA:98,1
DA:99,3
DA:100,1
DA:101,1
DA:102,1
DA:106,1
DA:107,2
DA:108,1
DA:109,2
DA:110,0
DA:111,0
DA:116,1
DA:117,2
DA:119,1
DA:120,0
DA:121,0
DA:125,2
DA:127,2
DA:128,2
DA:129,2
DA:130,1
DA:139,1
DA:141,2
DA:142,1
DA:143,1
DA:150,1
DA:152,1
DA:153,1
DA:154,1
DA:155,1
DA:156,1
DA:157,1
DA:158,1
DA:160,1
DA:161,3
DA:164,3
DA:165,1
DA:167,0
DA:168,1
DA:169,4
DA:170,1
DA:171,1
DA:172,1
DA:173,1
DA:174,1
DA:175,1
DA:176,1
DA:177,1
DA:178,1
DA:179,1
DA:180,1
DA:181,1
DA:182,1
DA:183,5
DA:184,1
DA:185,5
DA:186,1
DA:187,1
DA:191,1
DA:192,2
DA:193,2
DA:195,1
DA:196,2
DA:197,3
DA:198,1
DA:201,0
DA:202,0
DA:203,0
DA:206,0
DA:209,1
DA:210,2
DA:213,1
DA:214,1
DA:215,1
DA:216,3
DA:217,1
DA:218,1
DA:219,3
DA:222,2
DA:224,1
DA:225,1
DA:226,1
DA:227,1
DA:228,3
DA:229,1
DA:230,3
DA:231,1
DA:232,1
DA:233,1
DA:234,2
DA:235,1
DA:236,1
DA:237,1
DA:238,1
DA:239,1
DA:240,3
DA:241,1
DA:242,3
DA:243,0
DA:244,0
DA:245,0
DA:246,0
DA:248,0
DA:252,1
DA:253,2
DA:254,1
DA:256,3
DA:259,1
DA:260,2
DA:261,1
DA:262,1
DA:263,2
DA:264,1
DA:265,1
DA:267,0
DA:271,1
DA:272,2
DA:275,0
DA:276,0
DA:281,1
DA:282,2
DA:283,2
DA:286,1
DA:287,2
DA:289,0
DA:292,1
DA:293,3
DA:295,0
DA:298,1
DA:299,1
DA:302,3
DA:303,5
DA:304,2
DA:305,3
DA:310,1
DA:311,5
DA:313,1
DA:316,1
DA:317,1
DA:318,2
DA:319,6
DA:320,5
DA:323,1
DA:324,1
DA:326,2
DA:327,2
DA:330,1
DA:334,1
DA:335,2
DA:338,0
DA:341,1
DA:343,1
DA:347,1
DA:348,1
DA:349,0
DA:350,0
LF:195
LH:165
end_of_record
SF:/Users/issahamadoudicko/IdeaProjects/labo/kodi-script/kodi-dart/lib/src/natives/natives.dart
DA:15,1
DA:18,4
DA:21,1
DA:22,1
DA:23,4
DA:27,3
DA:29,1
DA:30,2
DA:33,1
DA:35,3
DA:36,3
DA:37,3
DA:38,3
DA:39,3
DA:40,3
DA:41,3
DA:42,3
DA:43,3
DA:44,3
DA:45,3
DA:46,3
DA:47,3
DA:48,3
DA:51,3
DA:52,3
DA:55,3
DA:56,3
DA:59,3
DA:60,3
DA:63,3
DA:64,3
DA:65,3
DA:66,3
DA:67,3
DA:70,3
DA:71,3
DA:72,3
DA:73,3
DA:74,3
DA:75,3
DA:76,3
DA:77,3
DA:78,3
DA:79,3
DA:80,3
DA:81,3
DA:82,3
DA:83,3
DA:86,3
DA:87,3
DA:88,3
DA:91,3
DA:92,3
DA:93,3
DA:96,3
DA:97,3
DA:98,3
DA:99,3
DA:100,3
DA:101,3
DA:106,0
DA:107,0
DA:108,0
DA:111,0
DA:112,0
DA:113,0
DA:114,0
DA:115,0
DA:116,0
DA:117,0
DA:118,0
DA:120,0
DA:123,1
DA:124,1
DA:125,1
DA:126,3
DA:127,0
DA:130,0
DA:131,0
DA:132,0
DA:134,0
DA:135,0
DA:136,0
DA:137,0
DA:138,0
DA:140,0
DA:143,1
DA:144,1
DA:145,2
DA:148,1
DA:149,1
DA:150,2
DA:153,1
DA:154,1
DA:155,2
DA:158,0
DA:159,0
DA:160,0
DA:163,0
DA:164,0
DA:165,0
DA:166,0
DA:169,0
DA:170,0
DA:171,0
DA:174,0
DA:175,0
DA:176,0
DA:179,0
DA:180,0
DA:181,0
DA:184,0
DA:185,0
DA:186,0
DA:189,0
DA:190,0
DA:191,0
DA:196,0
DA:197,0
DA:198,0
DA:201,0
DA:202,0
DA:203,0
DA:208,0
DA:209,0
DA:210,0
DA:213,0
DA:214,0
DA:215,0
DA:220,0
DA:221,0
DA:222,0
DA:225,0
DA:226,0
DA:227,0
DA:232,1
DA:233,1
DA:234,1
DA:236,1
DA:237,1
DA:238,0
DA:239,0
DA:240,0
DA:244,1
DA:245,1
DA:246,1
DA:249,1
DA:250,1
DA:251,2
DA:254,0
DA:255,0
DA:256,0
DA:259,0
DA:260,0
DA:261,0
DA:266,1
DA:267,1
DA:268,3
DA:271,1
DA:272,1
DA:273,3
DA:276,1
DA:277,1
DA:278,3
DA:281,0
DA:282,0
DA:283,0
DA:286,0
DA:287,0
DA:288,0
DA:291,0
DA:292,0
DA:293,0
DA:296,1
DA:297,1
DA:298,6
DA:301,0
DA:302,0
DA:303,0
DA:304,0
DA:305,0
DA:308,0
DA:309,0
DA:310,0
DA:313,0
DA:314,0
DA:315,0
DA:318,0
DA:319,0
DA:320,0
DA:323,0
DA:324,0
DA:325,0
DA:326,0
DA:327,0
DA:330,0
DA:331,0
DA:332,0
DA:333,0
DA:334,0
DA:337,0
DA:338,0
DA:339,0
DA:344,0
DA:346,0
DA:347,0
DA:348,0
DA:351,0
DA:352,0
DA:353,0
DA:354,0
DA:355,0
DA:356,0
DA:359,0
DA:360,0
DA:362,0
DA:363,0
DA:364,0
DA:365,0
DA:366,0
DA:371,0
DA:372,0
DA:373,0
DA:376,0
DA:377,0
DA:378,0
DA:381,0
DA:382,0
DA:383,0
DA:388,0
DA:389,0
DA:390,0
DA:392,0
DA:393,0
DA:394,0
DA:395,0
DA:396,0
DA:401,0
DA:402,0
DA:403,0
DA:406,1
DA:407,1
DA:408,1
DA:409,3
DA:410,0
DA:411,0
DA:412,0
DA:415,1
DA:416,1
DA:417,1
DA:418,2
DA:421,1
DA:422,1
DA:423,1
DA:424,2
DA:427,0
DA:428,0
DA:429,0
DA:431,0
DA:432,0
DA:433,0
DA:434,0
DA:435,0
DA:437,0
DA:442,1
DA:443,2
DA:444,0
DA:448,1
DA:449,1
DA:450,0
DA:451,0
DA:455,0
DA:457,0
DA:460,0
DA:461,0
DA:464,0
DA:467,0
DA:470,0
DA:471,0
DA:472,0
LF:280
LH:112
end_of_record
SF:/Users/issahamadoudicko/IdeaProjects/labo/kodi-script/kodi-dart/lib/src/token/token.dart
DA:65,1
DA:66,1
DA:67,1
DA:68,1
DA:69,1
DA:70,1
DA:71,1
DA:72,1
DA:73,1
DA:74,1
DA:75,1
DA:78,0
DA:79,0
DA:80,0
DA:81,0
DA:82,0
DA:83,0
DA:84,0
DA:85,0
DA:86,0
DA:87,0
DA:88,0
DA:89,0
DA:90,0
DA:91,0
DA:92,0
DA:93,0
DA:94,0
DA:95,0
DA:105,1
DA:107,3
DA:121,1
DA:122,2
DA:125,0
DA:126,0
LF:35
LH:15
end_of_record
SF:/Users/issahamadoudicko/IdeaProjects/labo/kodi-script/kodi-dart/lib/src/ast/ast.dart
DA:21,2
DA:23,0
DA:24,0
DA:33,1
DA:35,0
DA:36,0
DA:45,1
DA:47,0
DA:48,0
DA:56,1
DA:58,0
DA:59,0
DA:69,1
DA:71,0
DA:72,0
DA:80,1
DA:81,1
DA:83,0
DA:84,0
DA:92,1
DA:94,0
DA:95,0
DA:105,1
DA:107,0
DA:108,0
DA:116,1
DA:118,0
DA:119,0
DA:127,1
DA:129,0
DA:130,0
DA:138,1
DA:140,0
DA:141,0
DA:149,1
DA:151,0
DA:152,0
DA:159,1
DA:161,0
DA:162,0
DA:170,1
DA:172,0
DA:173,0
DA:181,1
DA:183,0
DA:184,0
DA:193,1
DA:195,0
DA:196,0
DA:206,1
DA:208,0
DA:209,0
DA:218,1
DA:220,0
DA:221,0
DA:230,1
DA:232,0
DA:233,0
DA:242,1
DA:244,0
DA:245,0
DA:254,1
DA:256,0
DA:257,0
DA:266,1
DA:268,0
DA:269,0
DA:278,1
DA:280,0
DA:281,0
LF:70
LH:24
end_of_record
